ULI7-188355 370
ULI18-476099 330
ULI13-239120 360
ULI13-2553603 387
ULI13-2184483 390
ULI5-5183 370
ULI16-156815 370
ULI16-41615 370
ULI28-635208 310
ULI15-749955 410
ULI24-11024 170
ULI18-9603 350
ULI16-8 390
ULI3-33855 370
ULI18-93635 370
ULI5-76175 370
ULI16-8835 367
ULI13-956483 380
ULI16-31683 370
ULI28-859328 350
ULI1-90600 350
ULI23-301400 390
ULI5-43263 370
ULI21-3519375 270
ULI28-887363 380
ULI5-47523 350
ULI26-3168399 390
ULI28-962360 370
ULI31-13224 340
ULI28-885480 330
ULI2-123903 60
ULI27-801024CC 380
ULI18-193599 360
ULI5-54755 370
ULI13-1515360 310
ULI28-37650495 380
ULI2-241080 380
ULI13-4235363 360
ULI27-6859160G 141
ULI1-34595 370
ULI4-93024 60
ULI2-56168 370
ULI13-4218915 380
ULI9-1034288 340
ULI3-6399 350
ULI1-220899 390
ULI20-158403 370
ULI11-49728 91
ULI27-12278015J 101
ULI14-238143 190
ULI28-111555 360
ULI27-2303WA 400
ULI10-2915 390
ULI17-142883 350
ULI1-238143 370
ULI19-21399875 340
ULI30-67599 370
ULI16-9603 370
ULI18-720800 370
ULI28-641600 330
ULI28-802815 380
ULI7-2340899 370
ULI2-40400 400
ULI13-300303 390
ULI3-25280 330
ULI13-2666688 370
ULI16-408320 380
ULI17-511224 350
ULI25-749955 210
ULI23-964323 430
ULI12-104975 76
ULI16-33855 370
ULI3-419903 390
ULI1-65024 370
ULI2-53823 380
ULI28-893024 330
ULI1-46655 350
ULI8-64641599 340
ULI5-35343 370
ULI18-318095 370
ULI16-24963 350