TRACK_TIME 1121238067
TRACK SWA1897 B733 373638 1222286 130 0.0 28 ZOA ZOA46
    FP_ROUTE KSFO.SSTIK3.LOSHN..BOILE..BLH.HYDRR1.I07R.KPHX

