TRACK_TIME 1121238067.0
TRACK ULI13-239120 B752 471200 1142700 410 360 0 ZLC ZLC20
FP_ROUTE ATL./.LNK057041..MLP..GEG..TEMPL..WITRO..GLASR..JAKSN.GLASR6.SEA

TRACK ULI13-2553603 B752 384800 1182000 484 370 0 ZOA ZOA33
FP_ROUTE SFO./.SAC131031..LVZ.LENDY5.JFK/1131




