TRACK_TIME 1121238067.0
TRACK ULI7-188355 ALOR1 370500 1030900 470 360 0 ZAB ZAB71
FP_ROUTE PHX./.KENTO334019..SLT.FQM1.EWR/0956

TRACK ULI18-476099 B733 381300 1103400 424 330 38 ZLC ZLC46
FP_ROUTE LAS./.BLD050037..RWF.SKETR3.MSP/0907

TRACK ULI13-239120 B752 471200 1142700 410 360 0 ZLC ZLC20
FP_ROUTE ATL./.LNK057041..MLP..GEG..TEMPL..WITRO..GLASR..JAKSN.GLASR6.SEA

TRACK ULI13-2553603 B752 384800 1182000 484 370 0 ZOA ZOA33
FP_ROUTE SFO./.SAC131031..LVZ.LENDY5.JFK/1131

TRACK ULI13-2184483 B763 380600 1115000 461 350 0 ZLC ZLC34
FP_ROUTE SFO./.SAC096047..MEM.ERLIN2.ATL/1002

TRACK ULI5-5183 ALOR1 435100 1253300 546 370 999 ZSE ZSE15
FP_ROUTE PHNL./.OED290140..MCW.JVL4.KORD/1024

TRACK ULI16-156815 ALOR1 394900 1191100 504 282 999 ZOA ZOA43
FP_ROUTE SMF./.FMG036028..JVL.JVL4.ORD/1014

TRACK_TIME 1121238127.0
TRACK ULI16-41615 A320 365000 1114500 451 350 74 ZLA ZLA32
FP_ROUTE LAX./.SKEBR..APE..MGW.JASEN4.IAD/1045

TRACK ULI28-635208 ALOR2 390400 865000 435 184 137 ZID ZID35
FP_ROUTE ABQ./.TTH140034..MAIZE..SDF

TRACK ULI15-749955 ALOR1 402900 1193000 438 410 0 ZOA ZOA43
FP_ROUTE SEA./.FMG351058..LIDAT..BTY.SUNST1.LAS/0759

