TRACK_TIME 1121238067.0

TRACK ULI13-2553603 B752 384800 1182000 484 0 0 ZOA ZOA33
FP_ROUTE SFO./.SAC131031..LVZ.LENDY5.JFK/1131




