ULI13-239120 360.0
ULI13-2553603 387.0


