ULI13-2553603 387.0


