ULI7-188355 370.0
ULI18-476099 330.0
ULI13-239120 360.0
ULI13-2553603 387.0
ULI13-2184483 390.0
ULI5-5183 370.0
ULI16-156815 370.0
ULI16-41615 370.0
ULI28-635208 310.0
ULI15-749955 410.0

